# JRE version: Java(TM) SE Runtime Environment (21.0.8+12) (build 21.0.8+12-LTS-250)
# Java VM: Java HotSpot(TM) 64-Bit Server VM (21.0.8+12-LTS-250, mixed mode, sharing, tiered, compressed oops, compressed class ptrs, g1 gc, windows-amd64)
GC Precious Log:
 CardTable entry size: 512
 Card Set container configuration: InlinePtr #cards 5 size 8 Array Of Cards #cards 12 size 40 Howl #buckets 4 coarsen threshold 1843 Howl Bitmap #cards 512 size 80 coarsen threshold 460 Card regions per heap region 1 cards per card region 2048
 CPUs: 4 total, 4 available
 Memory: 7955M
 Large Page Support: Disabled
 NUMA Support: Disabled
 Compressed Oops: Enabled (32-bit)
 Heap Region Size: 1M
 Heap Min Capacity: 8M
 Heap Initial Capacity: 126M
 Heap Max Capacity: 1990M
 Pre-touch: Disabled
 Parallel Workers: 4
 Concurrent Workers: 1
 Concurrent Refinement Workers: 4
 Periodic GC: Disabled
Heap:
 garbage-first heap   total 129024K, used 43532K [0x0000000083a00000, 0x0000000100000000)
  region size 1024K, 40 young (40960K), 9 survivors (9216K)
 Metaspace       used 16331K, committed 16512K, reserved 1114112K
  class space    used 1838K, committed 1920K, reserved 1048576K
GC Heap History (6 events):
Event: 1.361 GC heap before
{Heap before GC invocations=0 (full 0):
 garbage-first heap   total 129024K, used 12288K [0x0000000083a00000, 0x0000000100000000)
  region size 1024K, 13 young (13312K), 0 survivors (0K)
 Metaspace       used 4026K, committed 4224K, reserved 1114112K
  class space    used 412K, committed 512K, reserved 1048576K
}
Event: 1.369 GC heap after
{Heap after GC invocations=1 (full 0):
 garbage-first heap   total 129024K, used 3370K [0x0000000083a00000, 0x0000000100000000)
  region size 1024K, 2 young (2048K), 2 survivors (2048K)
 Metaspace       used 4026K, committed 4224K, reserved 1114112K
  class space    used 412K, committed 512K, reserved 1048576K
}
Event: 1.818 GC heap before
{Heap before GC invocations=1 (full 0):
 garbage-first heap   total 129024K, used 18730K [0x0000000083a00000, 0x0000000100000000)
  region size 1024K, 18 young (18432K), 2 survivors (2048K)
 Metaspace       used 6492K, committed 6656K, reserved 1114112K
  class space    used 739K, committed 832K, reserved 1048576K
}
Event: 1.822 GC heap after
{Heap after GC invocations=2 (full 0):
 garbage-first heap   total 129024K, used 4620K [0x0000000083a00000, 0x0000000100000000)
  region size 1024K, 1 young (1024K), 1 survivors (1024K)
 Metaspace       used 6492K, committed 6656K, reserved 1114112K
  class space    used 739K, committed 832K, reserved 1048576K
}
Event: 4.495 GC heap before
{Heap before GC invocations=2 (full 0):
 garbage-first heap   total 129024K, used 79372K [0x0000000083a00000, 0x0000000100000000)
  region size 1024K, 75 young (76800K), 1 survivors (1024K)
 Metaspace       used 15982K, committed 16192K, reserved 1114112K
  class space    used 1834K, committed 1920K, reserved 1048576K
}
Event: 4.510 GC heap after
{Heap after GC invocations=3 (full 0):
 garbage-first heap   total 129024K, used 12812K [0x0000000083a00000, 0x0000000100000000)
  region size 1024K, 9 young (9216K), 9 survivors (9216K)
 Metaspace       used 15982K, committed 16192K, reserved 1114112K
  class space    used 1834K, committed 1920K, reserved 1048576K
}

