# JRE version: Java(TM) SE Runtime Environment (21.0.8+12) (build 21.0.8+12-LTS-250)
# Java VM: Java HotSpot(TM) 64-Bit Server VM (21.0.8+12-LTS-250, mixed mode, sharing, tiered, compressed oops, compressed class ptrs, g1 gc, windows-amd64)
GC Precious Log:
 CardTable entry size: 512
 Card Set container configuration: InlinePtr #cards 5 size 8 Array Of Cards #cards 12 size 40 Howl #buckets 4 coarsen threshold 1843 Howl Bitmap #cards 512 size 80 coarsen threshold 460 Card regions per heap region 1 cards per card region 2048
 CPUs: 4 total, 4 available
 Memory: 7955M
 Large Page Support: Disabled
 NUMA Support: Disabled
 Compressed Oops: Enabled (32-bit)
 Heap Region Size: 1M
 Heap Min Capacity: 8M
 Heap Initial Capacity: 126M
 Heap Max Capacity: 1990M
 Pre-touch: Disabled
 Parallel Workers: 4
 Concurrent Workers: 1
 Concurrent Refinement Workers: 4
 Periodic GC: Disabled
Heap:
 garbage-first heap   total 143360K, used 65807K [0x0000000083a00000, 0x0000000100000000)
  region size 1024K, 4 young (4096K), 4 survivors (4096K)
 Metaspace       used 31225K, committed 31744K, reserved 1114112K
  class space    used 3354K, committed 3584K, reserved 1048576K
GC Heap History (20 events):
Event: 7.655 GC heap after
{Heap after GC invocations=6 (full 0):
 garbage-first heap   total 129024K, used 32165K [0x0000000083a00000, 0x0000000100000000)
  region size 1024K, 8 young (8192K), 8 survivors (8192K)
 Metaspace       used 21219K, committed 21504K, reserved 1114112K
  class space    used 2344K, committed 2496K, reserved 1048576K
}
Event: 9.112 GC heap before
{Heap before GC invocations=7 (full 0):
 garbage-first heap   total 112640K, used 92581K [0x0000000083a00000, 0x0000000100000000)
  region size 1024K, 66 young (67584K), 8 survivors (8192K)
 Metaspace       used 27175K, committed 27584K, reserved 1114112K
  class space    used 2993K, committed 3200K, reserved 1048576K
}
Event: 9.136 GC heap after
{Heap after GC invocations=8 (full 0):
 garbage-first heap   total 118784K, used 47013K [0x0000000083a00000, 0x0000000100000000)
  region size 1024K, 9 young (9216K), 9 survivors (9216K)
 Metaspace       used 27175K, committed 27584K, reserved 1114112K
  class space    used 2993K, committed 3200K, reserved 1048576K
}
Event: 10.108 GC heap before
{Heap before GC invocations=8 (full 0):
 garbage-first heap   total 118784K, used 96165K [0x0000000083a00000, 0x0000000100000000)
  region size 1024K, 54 young (55296K), 9 survivors (9216K)
 Metaspace       used 28440K, committed 28864K, reserved 1114112K
  class space    used 3066K, committed 3264K, reserved 1048576K
}
Event: 10.137 GC heap after
{Heap after GC invocations=9 (full 0):
 garbage-first heap   total 118784K, used 55808K [0x0000000083a00000, 0x0000000100000000)
  region size 1024K, 7 young (7168K), 7 survivors (7168K)
 Metaspace       used 28440K, committed 28864K, reserved 1114112K
  class space    used 3066K, committed 3264K, reserved 1048576K
}
Event: 10.805 GC heap before
{Heap before GC invocations=9 (full 0):
 garbage-first heap   total 118784K, used 95744K [0x0000000083a00000, 0x0000000100000000)
  region size 1024K, 47 young (48128K), 7 survivors (7168K)
 Metaspace       used 30021K, committed 30464K, reserved 1114112K
  class space    used 3240K, committed 3456K, reserved 1048576K
}
Event: 10.815 GC heap after
{Heap after GC invocations=10 (full 0):
 garbage-first heap   total 118784K, used 57344K [0x0000000083a00000, 0x0000000100000000)
  region size 1024K, 2 young (2048K), 2 survivors (2048K)
 Metaspace       used 30021K, committed 30464K, reserved 1114112K
  class space    used 3240K, committed 3456K, reserved 1048576K
}
Event: 11.520 GC heap before
{Heap before GC invocations=10 (full 0):
 garbage-first heap   total 118784K, used 100352K [0x0000000083a00000, 0x0000000100000000)
  region size 1024K, 44 young (45056K), 2 survivors (2048K)
 Metaspace       used 30702K, committed 31232K, reserved 1114112K
  class space    used 3323K, committed 3584K, reserved 1048576K
}
Event: 11.532 GC heap after
{Heap after GC invocations=11 (full 0):
 garbage-first heap   total 118784K, used 59105K [0x0000000083a00000, 0x0000000100000000)
  region size 1024K, 4 young (4096K), 4 survivors (4096K)
 Metaspace       used 30702K, committed 31232K, reserved 1114112K
  class space    used 3323K, committed 3584K, reserved 1048576K
}
Event: 12.024 GC heap before
{Heap before GC invocations=12 (full 0):
 garbage-first heap   total 118784K, used 101601K [0x0000000083a00000, 0x0000000100000000)
  region size 1024K, 46 young (47104K), 4 survivors (4096K)
 Metaspace       used 30880K, committed 31360K, reserved 1114112K
  class space    used 3343K, committed 3584K, reserved 1048576K
}
Event: 12.037 GC heap after
{Heap after GC invocations=13 (full 0):
 garbage-first heap   total 118784K, used 60918K [0x0000000083a00000, 0x0000000100000000)
  region size 1024K, 5 young (5120K), 5 survivors (5120K)
 Metaspace       used 30880K, committed 31360K, reserved 1114112K
  class space    used 3343K, committed 3584K, reserved 1048576K
}
Event: 12.461 GC heap before
{Heap before GC invocations=13 (full 0):
 garbage-first heap   total 118784K, used 104950K [0x0000000083a00000, 0x0000000100000000)
  region size 1024K, 48 young (49152K), 5 survivors (5120K)
 Metaspace       used 30956K, committed 31424K, reserved 1114112K
  class space    used 3349K, committed 3584K, reserved 1048576K
}
Event: 12.481 GC heap after
{Heap after GC invocations=14 (full 0):
 garbage-first heap   total 143360K, used 62601K [0x0000000083a00000, 0x0000000100000000)
  region size 1024K, 5 young (5120K), 5 survivors (5120K)
 Metaspace       used 30956K, committed 31424K, reserved 1114112K
  class space    used 3349K, committed 3584K, reserved 1048576K
}
Event: 12.805 GC heap before
{Heap before GC invocations=14 (full 0):
 garbage-first heap   total 143360K, used 124041K [0x0000000083a00000, 0x0000000100000000)
  region size 1024K, 65 young (66560K), 5 survivors (5120K)
 Metaspace       used 30987K, committed 31488K, reserved 1114112K
  class space    used 3350K, committed 3584K, reserved 1048576K
}
Event: 12.815 GC heap after
{Heap after GC invocations=15 (full 0):
 garbage-first heap   total 143360K, used 63867K [0x0000000083a00000, 0x0000000100000000)
  region size 1024K, 6 young (6144K), 6 survivors (6144K)
 Metaspace       used 30987K, committed 31488K, reserved 1114112K
  class space    used 3350K, committed 3584K, reserved 1048576K
}
Event: 13.236 GC heap before
{Heap before GC invocations=15 (full 0):
 garbage-first heap   total 143360K, used 127355K [0x0000000083a00000, 0x0000000100000000)
  region size 1024K, 68 young (69632K), 6 survivors (6144K)
 Metaspace       used 31096K, committed 31552K, reserved 1114112K
  class space    used 3354K, committed 3584K, reserved 1048576K
}
Event: 13.247 GC heap after
{Heap after GC invocations=16 (full 0):
 garbage-first heap   total 143360K, used 64689K [0x0000000083a00000, 0x0000000100000000)
  region size 1024K, 5 young (5120K), 5 survivors (5120K)
 Metaspace       used 31096K, committed 31552K, reserved 1114112K
  class space    used 3354K, committed 3584K, reserved 1048576K
}
Event: 13.651 GC heap before
{Heap before GC invocations=16 (full 0):
 garbage-first heap   total 143360K, used 129201K [0x0000000083a00000, 0x0000000100000000)
  region size 1024K, 68 young (69632K), 5 survivors (5120K)
 Metaspace       used 31147K, committed 31616K, reserved 1114112K
  class space    used 3354K, committed 3584K, reserved 1048576K
}
Event: 13.661 GC heap after
{Heap after GC invocations=17 (full 0):
 garbage-first heap   total 143360K, used 65659K [0x0000000083a00000, 0x0000000100000000)
  region size 1024K, 4 young (4096K), 4 survivors (4096K)
 Metaspace       used 31147K, committed 31616K, reserved 1114112K
  class space    used 3354K, committed 3584K, reserved 1048576K
}
Event: 14.188 GC heap before
{Heap before GC invocations=17 (full 0):
 garbage-first heap   total 143360K, used 131195K [0x0000000083a00000, 0x0000000100000000)
  region size 1024K, 68 young (69632K), 4 survivors (4096K)
 Metaspace       used 31225K, committed 31744K, reserved 1114112K
  class space    used 3354K, committed 3584K, reserved 1048576K
}

