# JRE version: Java(TM) SE Runtime Environment (21.0.8+12) (build 21.0.8+12-LTS-250)
# Java VM: Java HotSpot(TM) 64-Bit Server VM (21.0.8+12-LTS-250, mixed mode, sharing, tiered, compressed oops, compressed class ptrs, g1 gc, windows-amd64)
GC Precious Log:
 CardTable entry size: 512
 Card Set container configuration: InlinePtr #cards 5 size 8 Array Of Cards #cards 12 size 40 Howl #buckets 4 coarsen threshold 1843 Howl Bitmap #cards 512 size 80 coarsen threshold 460 Card regions per heap region 1 cards per card region 2048
 CPUs: 4 total, 4 available
 Memory: 7955M
 Large Page Support: Disabled
 NUMA Support: Disabled
 Compressed Oops: Enabled (32-bit)
 Heap Region Size: 1M
 Heap Min Capacity: 8M
 Heap Initial Capacity: 126M
 Heap Max Capacity: 1990M
 Pre-touch: Disabled
 Parallel Workers: 4
 Concurrent Workers: 1
 Concurrent Refinement Workers: 4
 Periodic GC: Disabled
Heap:
 garbage-first heap   total 225280K, used 170470K [0x0000000083a00000, 0x0000000100000000)
  region size 1024K, 66 young (67584K), 7 survivors (7168K)
 Metaspace       used 37221K, committed 37824K, reserved 1114112K
  class space    used 3944K, committed 4224K, reserved 1048576K
GC Heap History (20 events):
Event: 19.969 GC heap before
{Heap before GC invocations=13 (full 0):
 garbage-first heap   total 118784K, used 105175K [0x0000000083a00000, 0x0000000100000000)
  region size 1024K, 47 young (48128K), 5 survivors (5120K)
 Metaspace       used 30961K, committed 31424K, reserved 1114112K
  class space    used 3348K, committed 3584K, reserved 1048576K
}
Event: 19.985 GC heap after
{Heap after GC invocations=14 (full 0):
 garbage-first heap   total 148480K, used 63241K [0x0000000083a00000, 0x0000000100000000)
  region size 1024K, 5 young (5120K), 5 survivors (5120K)
 Metaspace       used 30961K, committed 31424K, reserved 1114112K
  class space    used 3348K, committed 3584K, reserved 1048576K
}
Event: 20.300 GC heap before
{Heap before GC invocations=14 (full 0):
 garbage-first heap   total 148480K, used 128777K [0x0000000083a00000, 0x0000000100000000)
  region size 1024K, 69 young (70656K), 5 survivors (5120K)
 Metaspace       used 31036K, committed 31552K, reserved 1114112K
  class space    used 3357K, committed 3584K, reserved 1048576K
}
Event: 20.314 GC heap after
{Heap after GC invocations=15 (full 0):
 garbage-first heap   total 148480K, used 64512K [0x0000000083a00000, 0x0000000100000000)
  region size 1024K, 6 young (6144K), 6 survivors (6144K)
 Metaspace       used 31036K, committed 31552K, reserved 1114112K
  class space    used 3357K, committed 3584K, reserved 1048576K
}
Event: 20.782 GC heap before
{Heap before GC invocations=15 (full 0):
 garbage-first heap   total 148480K, used 132096K [0x0000000083a00000, 0x0000000100000000)
  region size 1024K, 72 young (73728K), 6 survivors (6144K)
 Metaspace       used 31153K, committed 31680K, reserved 1114112K
  class space    used 3357K, committed 3584K, reserved 1048576K
}
Event: 20.795 GC heap after
{Heap after GC invocations=16 (full 0):
 garbage-first heap   total 148480K, used 66943K [0x0000000083a00000, 0x0000000100000000)
  region size 1024K, 7 young (7168K), 7 survivors (7168K)
 Metaspace       used 31153K, committed 31680K, reserved 1114112K
  class space    used 3357K, committed 3584K, reserved 1048576K
}
Event: 21.200 GC heap before
{Heap before GC invocations=16 (full 0):
 garbage-first heap   total 148480K, used 132479K [0x0000000083a00000, 0x0000000100000000)
  region size 1024K, 71 young (72704K), 7 survivors (7168K)
 Metaspace       used 31178K, committed 31680K, reserved 1114112K
  class space    used 3357K, committed 3584K, reserved 1048576K
}
Event: 21.211 GC heap after
{Heap after GC invocations=17 (full 0):
 garbage-first heap   total 148480K, used 66846K [0x0000000083a00000, 0x0000000100000000)
  region size 1024K, 4 young (4096K), 4 survivors (4096K)
 Metaspace       used 31178K, committed 31680K, reserved 1114112K
  class space    used 3357K, committed 3584K, reserved 1048576K
}
Event: 21.647 GC heap before
{Heap before GC invocations=17 (full 0):
 garbage-first heap   total 148480K, used 135454K [0x0000000083a00000, 0x0000000100000000)
  region size 1024K, 71 young (72704K), 4 survivors (4096K)
 Metaspace       used 31250K, committed 31744K, reserved 1114112K
  class space    used 3357K, committed 3584K, reserved 1048576K
}
Event: 21.656 GC heap after
{Heap after GC invocations=18 (full 0):
 garbage-first heap   total 199680K, used 67090K [0x0000000083a00000, 0x0000000100000000)
  region size 1024K, 4 young (4096K), 4 survivors (4096K)
 Metaspace       used 31250K, committed 31744K, reserved 1114112K
  class space    used 3357K, committed 3584K, reserved 1048576K
}
Event: 26.883 GC heap before
{Heap before GC invocations=18 (full 0):
 garbage-first heap   total 199680K, used 182802K [0x0000000083a00000, 0x0000000100000000)
  region size 1024K, 114 young (116736K), 4 survivors (4096K)
 Metaspace       used 34296K, committed 34880K, reserved 1114112K
  class space    used 3661K, committed 3904K, reserved 1048576K
}
Event: 26.896 GC heap after
{Heap after GC invocations=19 (full 0):
 garbage-first heap   total 199680K, used 72137K [0x0000000083a00000, 0x0000000100000000)
  region size 1024K, 8 young (8192K), 8 survivors (8192K)
 Metaspace       used 34296K, committed 34880K, reserved 1114112K
  class space    used 3661K, committed 3904K, reserved 1048576K
}
Event: 29.545 GC heap before
{Heap before GC invocations=19 (full 0):
 garbage-first heap   total 199680K, used 188873K [0x0000000083a00000, 0x0000000100000000)
  region size 1024K, 113 young (115712K), 8 survivors (8192K)
 Metaspace       used 34496K, committed 35072K, reserved 1114112K
  class space    used 3674K, committed 3904K, reserved 1048576K
}
Event: 29.579 GC heap after
{Heap after GC invocations=20 (full 0):
 garbage-first heap   total 225280K, used 106261K [0x0000000083a00000, 0x0000000100000000)
  region size 1024K, 15 young (15360K), 15 survivors (15360K)
 Metaspace       used 34496K, committed 35072K, reserved 1114112K
  class space    used 3674K, committed 3904K, reserved 1048576K
}
Event: 30.615 GC heap before
{Heap before GC invocations=20 (full 0):
 garbage-first heap   total 225280K, used 189205K [0x0000000083a00000, 0x0000000100000000)
  region size 1024K, 97 young (99328K), 15 survivors (15360K)
 Metaspace       used 36057K, committed 36608K, reserved 1114112K
  class space    used 3845K, committed 4096K, reserved 1048576K
}
Event: 30.637 GC heap after
{Heap after GC invocations=21 (full 0):
 garbage-first heap   total 225280K, used 111104K [0x0000000083a00000, 0x0000000100000000)
  region size 1024K, 4 young (4096K), 4 survivors (4096K)
 Metaspace       used 36057K, committed 36608K, reserved 1114112K
  class space    used 3845K, committed 4096K, reserved 1048576K
}
Event: 31.579 GC heap before
{Heap before GC invocations=21 (full 0):
 garbage-first heap   total 225280K, used 195072K [0x0000000083a00000, 0x0000000100000000)
  region size 1024K, 86 young (88064K), 4 survivors (4096K)
 Metaspace       used 36230K, committed 36800K, reserved 1114112K
  class space    used 3855K, committed 4096K, reserved 1048576K
}
Event: 31.585 GC heap after
{Heap after GC invocations=22 (full 0):
 garbage-first heap   total 225280K, used 112895K [0x0000000083a00000, 0x0000000100000000)
  region size 1024K, 6 young (6144K), 6 survivors (6144K)
 Metaspace       used 36230K, committed 36800K, reserved 1114112K
  class space    used 3855K, committed 4096K, reserved 1048576K
}
Event: 32.391 GC heap before
{Heap before GC invocations=23 (full 0):
 garbage-first heap   total 225280K, used 195839K [0x0000000083a00000, 0x0000000100000000)
  region size 1024K, 90 young (92160K), 6 survivors (6144K)
 Metaspace       used 34301K, committed 35840K, reserved 1114112K
  class space    used 3642K, committed 4032K, reserved 1048576K
}
Event: 32.398 GC heap after
{Heap after GC invocations=24 (full 0):
 garbage-first heap   total 225280K, used 111078K [0x0000000083a00000, 0x0000000100000000)
  region size 1024K, 7 young (7168K), 7 survivors (7168K)
 Metaspace       used 34301K, committed 35840K, reserved 1114112K
  class space    used 3642K, committed 4032K, reserved 1048576K
}

