# JRE version: Java(TM) SE Runtime Environment (21.0.8+12) (build 21.0.8+12-LTS-250)
# Java VM: Java HotSpot(TM) 64-Bit Server VM (21.0.8+12-LTS-250, mixed mode, sharing, tiered, compressed oops, compressed class ptrs, g1 gc, windows-amd64)
GC Precious Log:
 CardTable entry size: 512
 Card Set container configuration: InlinePtr #cards 5 size 8 Array Of Cards #cards 12 size 40 Howl #buckets 4 coarsen threshold 1843 Howl Bitmap #cards 512 size 80 coarsen threshold 460 Card regions per heap region 1 cards per card region 2048
 CPUs: 4 total, 4 available
 Memory: 7955M
 Large Page Support: Disabled
 NUMA Support: Disabled
 Compressed Oops: Enabled (32-bit)
 Heap Region Size: 1M
 Heap Min Capacity: 8M
 Heap Initial Capacity: 126M
 Heap Max Capacity: 1990M
 Pre-touch: Disabled
 Parallel Workers: 4
 Concurrent Workers: 1
 Concurrent Refinement Workers: 4
 Periodic GC: Disabled
Heap:
 garbage-first heap   total 112640K, used 82771K [0x0000000083a00000, 0x0000000100000000)
  region size 1024K, 57 young (58368K), 8 survivors (8192K)
 Metaspace       used 26651K, committed 27072K, reserved 1114112K
  class space    used 2933K, committed 3136K, reserved 1048576K
GC Heap History (12 events):
Event: 0.785 GC heap before
{Heap before GC invocations=0 (full 0):
 garbage-first heap   total 129024K, used 12288K [0x0000000083a00000, 0x0000000100000000)
  region size 1024K, 13 young (13312K), 0 survivors (0K)
 Metaspace       used 4031K, committed 4224K, reserved 1114112K
  class space    used 412K, committed 512K, reserved 1048576K
}
Event: 0.790 GC heap after
{Heap after GC invocations=1 (full 0):
 garbage-first heap   total 129024K, used 3349K [0x0000000083a00000, 0x0000000100000000)
  region size 1024K, 2 young (2048K), 2 survivors (2048K)
 Metaspace       used 4031K, committed 4224K, reserved 1114112K
  class space    used 412K, committed 512K, reserved 1048576K
}
Event: 1.298 GC heap before
{Heap before GC invocations=1 (full 0):
 garbage-first heap   total 129024K, used 19733K [0x0000000083a00000, 0x0000000100000000)
  region size 1024K, 18 young (18432K), 2 survivors (2048K)
 Metaspace       used 6503K, committed 6656K, reserved 1114112K
  class space    used 739K, committed 832K, reserved 1048576K
}
Event: 1.303 GC heap after
{Heap after GC invocations=2 (full 0):
 garbage-first heap   total 129024K, used 4569K [0x0000000083a00000, 0x0000000100000000)
  region size 1024K, 1 young (1024K), 1 survivors (1024K)
 Metaspace       used 6503K, committed 6656K, reserved 1114112K
  class space    used 739K, committed 832K, reserved 1048576K
}
Event: 3.598 GC heap before
{Heap before GC invocations=2 (full 0):
 garbage-first heap   total 129024K, used 79321K [0x0000000083a00000, 0x0000000100000000)
  region size 1024K, 75 young (76800K), 1 survivors (1024K)
 Metaspace       used 15950K, committed 16192K, reserved 1114112K
  class space    used 1835K, committed 1920K, reserved 1048576K
}
Event: 3.612 GC heap after
{Heap after GC invocations=3 (full 0):
 garbage-first heap   total 129024K, used 12593K [0x0000000083a00000, 0x0000000100000000)
  region size 1024K, 9 young (9216K), 9 survivors (9216K)
 Metaspace       used 15950K, committed 16192K, reserved 1114112K
  class space    used 1835K, committed 1920K, reserved 1048576K
}
Event: 4.623 GC heap before
{Heap before GC invocations=3 (full 0):
 garbage-first heap   total 129024K, used 80177K [0x0000000083a00000, 0x0000000100000000)
  region size 1024K, 75 young (76800K), 9 survivors (9216K)
 Metaspace       used 16612K, committed 16832K, reserved 1114112K
  class space    used 1839K, committed 1920K, reserved 1048576K
}
Event: 4.644 GC heap after
{Heap after GC invocations=4 (full 0):
 garbage-first heap   total 129024K, used 18507K [0x0000000083a00000, 0x0000000100000000)
  region size 1024K, 6 young (6144K), 6 survivors (6144K)
 Metaspace       used 16612K, committed 16832K, reserved 1114112K
  class space    used 1839K, committed 1920K, reserved 1048576K
}
Event: 5.555 GC heap before
{Heap before GC invocations=4 (full 0):
 garbage-first heap   total 129024K, used 101451K [0x0000000083a00000, 0x0000000100000000)
  region size 1024K, 48 young (49152K), 6 survivors (6144K)
 Metaspace       used 18028K, committed 18304K, reserved 1114112K
  class space    used 1977K, committed 2112K, reserved 1048576K
}
Event: 5.566 GC heap after
{Heap after GC invocations=5 (full 0):
 garbage-first heap   total 129024K, used 29523K [0x0000000083a00000, 0x0000000100000000)
  region size 1024K, 3 young (3072K), 3 survivors (3072K)
 Metaspace       used 18028K, committed 18304K, reserved 1114112K
  class space    used 1977K, committed 2112K, reserved 1048576K
}
Event: 6.430 GC heap before
{Heap before GC invocations=5 (full 0):
 garbage-first heap   total 129024K, used 96083K [0x0000000083a00000, 0x0000000100000000)
  region size 1024K, 38 young (38912K), 3 survivors (3072K)
 Metaspace       used 21167K, committed 21504K, reserved 1114112K
  class space    used 2343K, committed 2496K, reserved 1048576K
}
Event: 6.438 GC heap after
{Heap after GC invocations=6 (full 0):
 garbage-first heap   total 129024K, used 32595K [0x0000000083a00000, 0x0000000100000000)
  region size 1024K, 8 young (8192K), 8 survivors (8192K)
 Metaspace       used 21167K, committed 21504K, reserved 1114112K
  class space    used 2343K, committed 2496K, reserved 1048576K
}

