# JRE version: Java(TM) SE Runtime Environment (21.0.8+12) (build 21.0.8+12-LTS-250)
# Java VM: Java HotSpot(TM) 64-Bit Server VM (21.0.8+12-LTS-250, mixed mode, sharing, tiered, compressed oops, compressed class ptrs, g1 gc, windows-amd64)
GC Precious Log:
 CardTable entry size: 512
 Card Set container configuration: InlinePtr #cards 5 size 8 Array Of Cards #cards 12 size 40 Howl #buckets 4 coarsen threshold 1843 Howl Bitmap #cards 512 size 80 coarsen threshold 460 Card regions per heap region 1 cards per card region 2048
 CPUs: 4 total, 4 available
 Memory: 7955M
 Large Page Support: Disabled
 NUMA Support: Disabled
 Compressed Oops: Enabled (32-bit)
 Heap Region Size: 1M
 Heap Min Capacity: 8M
 Heap Initial Capacity: 126M
 Heap Max Capacity: 1990M
 Pre-touch: Disabled
 Parallel Workers: 4
 Concurrent Workers: 1
 Concurrent Refinement Workers: 4
 Periodic GC: Disabled
Heap:
 garbage-first heap   total 148480K, used 66405K [0x0000000083a00000, 0x0000000100000000)
  region size 1024K, 3 young (3072K), 3 survivors (3072K)
 Metaspace       used 31798K, committed 32320K, reserved 1114112K
  class space    used 3451K, committed 3712K, reserved 1048576K
GC Heap History (20 events):
Event: 8.932 GC heap after
{Heap after GC invocations=6 (full 0):
 garbage-first heap   total 129024K, used 33280K [0x0000000083a00000, 0x0000000100000000)
  region size 1024K, 9 young (9216K), 9 survivors (9216K)
 Metaspace       used 21157K, committed 21504K, reserved 1114112K
  class space    used 2318K, committed 2496K, reserved 1048576K
}
Event: 10.872 GC heap before
{Heap before GC invocations=7 (full 0):
 garbage-first heap   total 116736K, used 94720K [0x0000000083a00000, 0x0000000100000000)
  region size 1024K, 68 young (69632K), 9 survivors (9216K)
 Metaspace       used 27356K, committed 27776K, reserved 1114112K
  class space    used 3012K, committed 3200K, reserved 1048576K
}
Event: 10.907 GC heap after
{Heap after GC invocations=8 (full 0):
 garbage-first heap   total 120832K, used 47616K [0x0000000083a00000, 0x0000000100000000)
  region size 1024K, 9 young (9216K), 9 survivors (9216K)
 Metaspace       used 27356K, committed 27776K, reserved 1114112K
  class space    used 3012K, committed 3200K, reserved 1048576K
}
Event: 11.972 GC heap before
{Heap before GC invocations=8 (full 0):
 garbage-first heap   total 120832K, used 98816K [0x0000000083a00000, 0x0000000100000000)
  region size 1024K, 56 young (57344K), 9 survivors (9216K)
 Metaspace       used 28857K, committed 29312K, reserved 1114112K
  class space    used 3102K, committed 3328K, reserved 1048576K
}
Event: 12.011 GC heap after
{Heap after GC invocations=9 (full 0):
 garbage-first heap   total 120832K, used 56320K [0x0000000083a00000, 0x0000000100000000)
  region size 1024K, 7 young (7168K), 7 survivors (7168K)
 Metaspace       used 28857K, committed 29312K, reserved 1114112K
  class space    used 3102K, committed 3328K, reserved 1048576K
}
Event: 12.777 GC heap before
{Heap before GC invocations=9 (full 0):
 garbage-first heap   total 120832K, used 98304K [0x0000000083a00000, 0x0000000100000000)
  region size 1024K, 49 young (50176K), 7 survivors (7168K)
 Metaspace       used 30288K, committed 30784K, reserved 1114112K
  class space    used 3271K, committed 3520K, reserved 1048576K
}
Event: 12.788 GC heap after
{Heap after GC invocations=10 (full 0):
 garbage-first heap   total 120832K, used 57344K [0x0000000083a00000, 0x0000000100000000)
  region size 1024K, 1 young (1024K), 1 survivors (1024K)
 Metaspace       used 30288K, committed 30784K, reserved 1114112K
  class space    used 3271K, committed 3520K, reserved 1048576K
}
Event: 13.535 GC heap before
{Heap before GC invocations=10 (full 0):
 garbage-first heap   total 120832K, used 102400K [0x0000000083a00000, 0x0000000100000000)
  region size 1024K, 45 young (46080K), 1 survivors (1024K)
 Metaspace       used 30888K, committed 31424K, reserved 1114112K
  class space    used 3342K, committed 3648K, reserved 1048576K
}
Event: 13.545 GC heap after
{Heap after GC invocations=11 (full 0):
 garbage-first heap   total 120832K, used 60066K [0x0000000083a00000, 0x0000000100000000)
  region size 1024K, 4 young (4096K), 4 survivors (4096K)
 Metaspace       used 30888K, committed 31424K, reserved 1114112K
  class space    used 3342K, committed 3648K, reserved 1048576K
}
Event: 14.035 GC heap before
{Heap before GC invocations=12 (full 0):
 garbage-first heap   total 120832K, used 105122K [0x0000000083a00000, 0x0000000100000000)
  region size 1024K, 48 young (49152K), 4 survivors (4096K)
 Metaspace       used 31069K, committed 31616K, reserved 1114112K
  class space    used 3364K, committed 3648K, reserved 1048576K
}
Event: 14.049 GC heap after
{Heap after GC invocations=13 (full 0):
 garbage-first heap   total 120832K, used 62344K [0x0000000083a00000, 0x0000000100000000)
  region size 1024K, 5 young (5120K), 5 survivors (5120K)
 Metaspace       used 31069K, committed 31616K, reserved 1114112K
  class space    used 3364K, committed 3648K, reserved 1048576K
}
Event: 14.459 GC heap before
{Heap before GC invocations=13 (full 0):
 garbage-first heap   total 120832K, used 107400K [0x0000000083a00000, 0x0000000100000000)
  region size 1024K, 49 young (50176K), 5 survivors (5120K)
 Metaspace       used 31124K, committed 31680K, reserved 1114112K
  class space    used 3369K, committed 3648K, reserved 1048576K
}
Event: 14.479 GC heap after
{Heap after GC invocations=14 (full 0):
 garbage-first heap   total 148480K, used 63603K [0x0000000083a00000, 0x0000000100000000)
  region size 1024K, 5 young (5120K), 5 survivors (5120K)
 Metaspace       used 31124K, committed 31680K, reserved 1114112K
  class space    used 3369K, committed 3648K, reserved 1048576K
}
Event: 14.881 GC heap before
{Heap before GC invocations=14 (full 0):
 garbage-first heap   total 148480K, used 130163K [0x0000000083a00000, 0x0000000100000000)
  region size 1024K, 70 young (71680K), 5 survivors (5120K)
 Metaspace       used 31218K, committed 31744K, reserved 1114112K
  class space    used 3374K, committed 3648K, reserved 1048576K
}
Event: 14.894 GC heap after
{Heap after GC invocations=15 (full 0):
 garbage-first heap   total 148480K, used 66213K [0x0000000083a00000, 0x0000000100000000)
  region size 1024K, 5 young (5120K), 5 survivors (5120K)
 Metaspace       used 31218K, committed 31744K, reserved 1114112K
  class space    used 3374K, committed 3648K, reserved 1048576K
}
Event: 15.485 GC heap before
{Heap before GC invocations=15 (full 0):
 garbage-first heap   total 148480K, used 132773K [0x0000000083a00000, 0x0000000100000000)
  region size 1024K, 70 young (71680K), 5 survivors (5120K)
 Metaspace       used 31315K, committed 31872K, reserved 1114112K
  class space    used 3374K, committed 3648K, reserved 1048576K
}
Event: 15.497 GC heap after
{Heap after GC invocations=16 (full 0):
 garbage-first heap   total 148480K, used 67237K [0x0000000083a00000, 0x0000000100000000)
  region size 1024K, 6 young (6144K), 6 survivors (6144K)
 Metaspace       used 31315K, committed 31872K, reserved 1114112K
  class space    used 3374K, committed 3648K, reserved 1048576K
}
Event: 15.878 GC heap before
{Heap before GC invocations=16 (full 0):
 garbage-first heap   total 148480K, used 133797K [0x0000000083a00000, 0x0000000100000000)
  region size 1024K, 71 young (72704K), 6 survivors (6144K)
 Metaspace       used 31356K, committed 31872K, reserved 1114112K
  class space    used 3374K, committed 3648K, reserved 1048576K
}
Event: 15.884 GC heap after
{Heap after GC invocations=17 (full 0):
 garbage-first heap   total 148480K, used 65518K [0x0000000083a00000, 0x0000000100000000)
  region size 1024K, 2 young (2048K), 2 survivors (2048K)
 Metaspace       used 31356K, committed 31872K, reserved 1114112K
  class space    used 3374K, committed 3648K, reserved 1048576K
}
Event: 16.453 GC heap before
{Heap before GC invocations=17 (full 0):
 garbage-first heap   total 148480K, used 137198K [0x0000000083a00000, 0x0000000100000000)
  region size 1024K, 72 young (73728K), 2 survivors (2048K)
 Metaspace       used 31798K, committed 32320K, reserved 1114112K
  class space    used 3451K, committed 3712K, reserved 1048576K
}

