# JRE version: Java(TM) SE Runtime Environment (21.0.8+12) (build 21.0.8+12-LTS-250)
# Java VM: Java HotSpot(TM) 64-Bit Server VM (21.0.8+12-LTS-250, mixed mode, sharing, tiered, compressed oops, compressed class ptrs, g1 gc, windows-amd64)
GC Precious Log:
 CardTable entry size: 512
 Card Set container configuration: InlinePtr #cards 5 size 8 Array Of Cards #cards 12 size 40 Howl #buckets 4 coarsen threshold 1843 Howl Bitmap #cards 512 size 80 coarsen threshold 460 Card regions per heap region 1 cards per card region 2048
 CPUs: 4 total, 4 available
 Memory: 7955M
 Large Page Support: Disabled
 NUMA Support: Disabled
 Compressed Oops: Enabled (32-bit)
 Heap Region Size: 1M
 Heap Min Capacity: 256M
 Heap Initial Capacity: 256M
 Heap Max Capacity: 768M
 Pre-touch: Disabled
 Parallel Workers: 4
 Concurrent Workers: 1
 Concurrent Refinement Workers: 4
 Periodic GC: Disabled
Heap:
 garbage-first heap   total 262144K, used 33875K [0x00000000d0000000, 0x0000000100000000)
  region size 1024K, 24 young (24576K), 10 survivors (10240K)
 Metaspace       used 36465K, committed 36928K, reserved 1114112K
  class space    used 4385K, committed 4608K, reserved 1048576K
GC Heap History (16 events):
Event: 0.499 GC heap before
{Heap before GC invocations=0 (full 0):
 garbage-first heap   total 262144K, used 15360K [0x00000000d0000000, 0x0000000100000000)
  region size 1024K, 13 young (13312K), 0 survivors (0K)
 Metaspace       used 1552K, committed 1664K, reserved 1114112K
  class space    used 141K, committed 192K, reserved 1048576K
}
Event: 0.504 GC heap after
{Heap after GC invocations=1 (full 0):
 garbage-first heap   total 262144K, used 10769K [0x00000000d0000000, 0x0000000100000000)
  region size 1024K, 2 young (2048K), 2 survivors (2048K)
 Metaspace       used 1552K, committed 1664K, reserved 1114112K
  class space    used 141K, committed 192K, reserved 1048576K
}
Event: 0.845 GC heap before
{Heap before GC invocations=1 (full 0):
 garbage-first heap   total 262144K, used 21009K [0x00000000d0000000, 0x0000000100000000)
  region size 1024K, 12 young (12288K), 2 survivors (2048K)
 Metaspace       used 3228K, committed 3456K, reserved 1114112K
  class space    used 292K, committed 384K, reserved 1048576K
}
Event: 0.850 GC heap after
{Heap after GC invocations=2 (full 0):
 garbage-first heap   total 262144K, used 11253K [0x00000000d0000000, 0x0000000100000000)
  region size 1024K, 1 young (1024K), 1 survivors (1024K)
 Metaspace       used 3228K, committed 3456K, reserved 1114112K
  class space    used 292K, committed 384K, reserved 1048576K
}
Event: 1.823 GC heap before
{Heap before GC invocations=2 (full 0):
 garbage-first heap   total 262144K, used 42997K [0x00000000d0000000, 0x0000000100000000)
  region size 1024K, 32 young (32768K), 1 survivors (1024K)
 Metaspace       used 5528K, committed 5760K, reserved 1114112K
  class space    used 536K, committed 640K, reserved 1048576K
}
Event: 1.827 GC heap after
{Heap after GC invocations=3 (full 0):
 garbage-first heap   total 262144K, used 12883K [0x00000000d0000000, 0x0000000100000000)
  region size 1024K, 2 young (2048K), 2 survivors (2048K)
 Metaspace       used 5528K, committed 5760K, reserved 1114112K
  class space    used 536K, committed 640K, reserved 1048576K
}
Event: 5.671 GC heap before
{Heap before GC invocations=3 (full 0):
 garbage-first heap   total 262144K, used 167507K [0x00000000d0000000, 0x0000000100000000)
  region size 1024K, 153 young (156672K), 2 survivors (2048K)
 Metaspace       used 13919K, committed 14208K, reserved 1114112K
  class space    used 1394K, committed 1536K, reserved 1048576K
}
Event: 5.681 GC heap after
{Heap after GC invocations=4 (full 0):
 garbage-first heap   total 262144K, used 15774K [0x00000000d0000000, 0x0000000100000000)
  region size 1024K, 5 young (5120K), 5 survivors (5120K)
 Metaspace       used 13919K, committed 14208K, reserved 1114112K
  class space    used 1394K, committed 1536K, reserved 1048576K
}
Event: 7.372 GC heap before
{Heap before GC invocations=4 (full 0):
 garbage-first heap   total 262144K, used 167326K [0x00000000d0000000, 0x0000000100000000)
  region size 1024K, 153 young (156672K), 5 survivors (5120K)
 Metaspace       used 20646K, committed 20992K, reserved 1114112K
  class space    used 2192K, committed 2368K, reserved 1048576K
}
Event: 7.378 GC heap after
{Heap after GC invocations=5 (full 0):
 garbage-first heap   total 262144K, used 16876K [0x00000000d0000000, 0x0000000100000000)
  region size 1024K, 6 young (6144K), 6 survivors (6144K)
 Metaspace       used 20646K, committed 20992K, reserved 1114112K
  class space    used 2192K, committed 2368K, reserved 1048576K
}
Event: 7.791 GC heap before
{Heap before GC invocations=5 (full 0):
 garbage-first heap   total 262144K, used 28140K [0x00000000d0000000, 0x0000000100000000)
  region size 1024K, 18 young (18432K), 6 survivors (6144K)
 Metaspace       used 21218K, committed 21504K, reserved 1114112K
  class space    used 2249K, committed 2432K, reserved 1048576K
}
Event: 7.797 GC heap after
{Heap after GC invocations=6 (full 0):
 garbage-first heap   total 262144K, used 16964K [0x00000000d0000000, 0x0000000100000000)
  region size 1024K, 6 young (6144K), 6 survivors (6144K)
 Metaspace       used 21218K, committed 21504K, reserved 1114112K
  class space    used 2249K, committed 2432K, reserved 1048576K
}
Event: 12.345 GC heap before
{Heap before GC invocations=7 (full 0):
 garbage-first heap   total 262144K, used 166468K [0x00000000d0000000, 0x0000000100000000)
  region size 1024K, 153 young (156672K), 6 survivors (6144K)
 Metaspace       used 29147K, committed 29504K, reserved 1114112K
  class space    used 3239K, committed 3392K, reserved 1048576K
}
Event: 12.357 GC heap after
{Heap after GC invocations=8 (full 0):
 garbage-first heap   total 262144K, used 18789K [0x00000000d0000000, 0x0000000100000000)
  region size 1024K, 8 young (8192K), 8 survivors (8192K)
 Metaspace       used 29147K, committed 29504K, reserved 1114112K
  class space    used 3239K, committed 3392K, reserved 1048576K
}
Event: 14.510 GC heap before
{Heap before GC invocations=8 (full 0):
 garbage-first heap   total 262144K, used 111973K [0x00000000d0000000, 0x0000000100000000)
  region size 1024K, 100 young (102400K), 8 survivors (8192K)
 Metaspace       used 35513K, committed 35968K, reserved 1114112K
  class space    used 4254K, committed 4480K, reserved 1048576K
}
Event: 14.519 GC heap after
{Heap after GC invocations=9 (full 0):
 garbage-first heap   total 262144K, used 20563K [0x00000000d0000000, 0x0000000100000000)
  region size 1024K, 10 young (10240K), 10 survivors (10240K)
 Metaspace       used 35513K, committed 35968K, reserved 1114112K
  class space    used 4254K, committed 4480K, reserved 1048576K
}

